<?xml version="1.0" encoding="UTF-8"?>
<!-- Generated by org.testng.reporters.JUnitReportReporter -->
<testsuite hostname="Alkes-PC" name="com.basicAction" tests="5" failures="0" timestamp="28 Nov 2018 15:59:30 GMT" time="38.782" errors="0">
  <testcase name="verifiyContent" time="1.525" classname="com.basicAction"/>
  <testcase name="reteriveAccountBalance" time="0.111" classname="com.basicAction"/>
  <testcase name="getWithdrawalAmount" time="7.668" classname="com.basicAction"/>
  <testcase name="appLogin" time="10.862" classname="com.basicAction"/>
  <testcase name="clickHyperlink" time="18.616" classname="com.basicAction"/>
</testsuite> <!-- com.basicAction -->
